<?xml version="1.0" encoding="UTF-8"?>
<!-- Generated by org.testng.reporters.JUnitReportReporter -->
<testsuite hostname="Admin-PC" failures="0" tests="2" name="autotest.testcasepage.Rise.CreatTaskTest" time="13.039" errors="0" timestamp="2025-06-17T15:57:22 GMT+07:00" skipped="0">
  <testcase classname="autotest.testcasepage.Rise.CreatTaskTest" name="addtaskError" time="5.476"/>
  <system-out/>
  <testcase classname="autotest.testcasepage.Rise.CreatTaskTest" name="addtaskSucsess" time="7.563"/>
  <system-out/>
</testsuite> <!-- autotest.testcasepage.Rise.CreatTaskTest -->
