<?xml version="1.0" encoding="UTF-8"?>
<!-- Generated by org.testng.reporters.JUnitReportReporter -->
<testsuite hostname="Admin-PC" failures="0" tests="2" name="autotest.testcasepage.Rise.DeleteProjectTest" time="6.282" errors="0" timestamp="2025-05-25T12:45:04 GMT+07:00" skipped="0">
  <testcase classname="autotest.testcasepage.Rise.DeleteProjectTest" name="testCancelDeleteProject" time="2.583"/>
  <system-out/>
  <testcase classname="autotest.testcasepage.Rise.DeleteProjectTest" name="testDeleteProjectSuccess" time="3.699"/>
  <system-out/>
</testsuite> <!-- autotest.testcasepage.Rise.DeleteProjectTest -->
