<?xml version="1.0" encoding="UTF-8"?>
<!-- Generated by org.testng.reporters.JUnitReportReporter -->
<testsuite hostname="Admin-PC" failures="0" tests="1" name="autotest.thuchanh.Buoi17TH" time="2.177" errors="0" timestamp="2025-05-18T15:51:35 GMT+07:00" skipped="0">
  <testcase classname="autotest.thuchanh.Buoi17TH" name="getWWindowHandles" time="2.177"/>
  <system-out/>
</testsuite> <!-- autotest.thuchanh.Buoi17TH -->
