<?xml version="1.0" encoding="UTF-8"?>
<!-- Generated by org.testng.reporters.JUnitReportReporter -->
<testsuite hostname="Admin-PC" failures="0" tests="1" name="testcase.dms.Creat_Hang_HoaTest" time="0.508" errors="0" timestamp="2025-07-30T17:24:31 GMT+07:00" skipped="0">
  <testcase classname="testcase.dms.Creat_Hang_HoaTest" name="loginadmin" time="0.508"/>
  <system-out/>
</testsuite> <!-- testcase.dms.Creat_Hang_HoaTest -->
